<?xml version="1.0" encoding="UTF-8"?>
<!-- Generated by org.testng.reporters.JUnitReportReporter -->
<testsuite hostname="LAPTOP-M9NR2LIP" failures="0" tests="4" name="com.moxie.tastcases.MoxieChangeTime" time="84.943" errors="0" timestamp="2020-10-26T05:49:44 IST" skipped="0">
  <testcase classname="com.moxie.tastcases.MoxieChangeTime" name="checkTypeIsWorking" time="10.537"/>
  <system-out/>
  <testcase classname="com.moxie.tastcases.MoxieChangeTime" name="selectFirstFlexPay" time="59.739"/>
  <system-out/>
  <testcase classname="com.moxie.tastcases.MoxieChangeTime" name="loginForBookingPage" time="10.246"/>
  <system-out/>
  <testcase classname="com.moxie.tastcases.MoxieChangeTime" name="changeTimeZone" time="4.421"/>
  <system-out/>
</testsuite> <!-- com.moxie.tastcases.MoxieChangeTime -->
