<?xml version="1.0" encoding="UTF-8"?>
<!-- Generated by org.testng.reporters.JUnitReportReporter -->
<testsuite hostname="LAPTOP-M9NR2LIP" failures="0" tests="12" name="com.moxie.tastcases.MoxieChangeTime" time="168.342" errors="0" timestamp="2020-10-26T19:20:06 IST" skipped="0">
  <testcase classname="com.moxie.tastcases.MoxieChangeTime" name="checkTypeIsWorking" time="0.753"/>
  <system-out>
Running first test for Type check  </system-out>
  <testcase classname="com.moxie.tastcases.MoxieChangeTime" name="checkTypeIsWorking" time="0.938"/>
  <system-out>
Running first test for Type check  </system-out>
  <testcase classname="com.moxie.tastcases.MoxieChangeTime" name="checkTypeIsWorking" time="0.827"/>
  <system-out>
Running first test for Type check  </system-out>
  <testcase classname="com.moxie.tastcases.MoxieChangeTime" name="selectFirstFlexPay" time="61.346"/>
  <system-out>
Running second test for finding first class with Flex pay option  </system-out>
  <testcase classname="com.moxie.tastcases.MoxieChangeTime" name="selectFirstFlexPay" time="26.263"/>
  <system-out>
Running second test for finding first class with Flex pay option  </system-out>
  <testcase classname="com.moxie.tastcases.MoxieChangeTime" name="selectFirstFlexPay" time="29.346"/>
  <system-out>
Running second test for finding first class with Flex pay option  </system-out>
  <testcase classname="com.moxie.tastcases.MoxieChangeTime" name="loginForBookingPage" time="9.799"/>
  <system-out>
Running third test for successful login  </system-out>
  <testcase classname="com.moxie.tastcases.MoxieChangeTime" name="loginForBookingPage" time="9.331"/>
  <system-out>
Running third test for successful login  </system-out>
  <testcase classname="com.moxie.tastcases.MoxieChangeTime" name="loginForBookingPage" time="21.309"/>
  <system-out>
Running third test for successful login  </system-out>
  <testcase classname="com.moxie.tastcases.MoxieChangeTime" name="changeTimeZone" time="2.541"/>
  <system-out>
Running fourth test for changing timezone  </system-out>
  <testcase classname="com.moxie.tastcases.MoxieChangeTime" name="changeTimeZone" time="2.993"/>
  <system-out>
Running fourth test for changing timezone  </system-out>
  <testcase classname="com.moxie.tastcases.MoxieChangeTime" name="changeTimeZone" time="2.896"/>
  <system-out>
Running fourth test for changing timezone  </system-out>
</testsuite> <!-- com.moxie.tastcases.MoxieChangeTime -->
