<?xml version="1.0" encoding="UTF-8"?>
<!-- Generated by org.testng.reporters.JUnitReportReporter -->
<testsuite hostname="LAPTOP-M9NR2LIP" failures="0" tests="4" name="com.moxie.tastcases.MoxieChangeTime" time="100.798" errors="0" timestamp="2020-10-26T10:14:31 IST" skipped="0">
  <testcase classname="com.moxie.tastcases.MoxieChangeTime" name="checkTypeIsWorking" time="0.559"/>
  <system-out/>
  <testcase classname="com.moxie.tastcases.MoxieChangeTime" name="selectFirstFlexPay" time="79.825"/>
  <system-out/>
  <testcase classname="com.moxie.tastcases.MoxieChangeTime" name="loginForBookingPage" time="15.327"/>
  <system-out/>
  <testcase classname="com.moxie.tastcases.MoxieChangeTime" name="changeTimeZone" time="5.087"/>
  <system-out/>
</testsuite> <!-- com.moxie.tastcases.MoxieChangeTime -->
