<?xml version="1.0" encoding="UTF-8"?>
<!-- Generated by org.testng.reporters.JUnitReportReporter -->
<testsuite hostname="LAPTOP-M9NR2LIP" failures="0" tests="8" name="com.moxie.tastcases.MoxieChangeTime" time="124.003" errors="0" timestamp="2020-10-26T17:23:42 IST" skipped="0">
  <testcase classname="com.moxie.tastcases.MoxieChangeTime" name="checkTypeIsWorking" time="1.553"/>
  <system-out>
Running first test for Type check  </system-out>
  <testcase classname="com.moxie.tastcases.MoxieChangeTime" name="checkTypeIsWorking" time="1.644"/>
  <system-out>
Running first test for Type check  </system-out>
  <testcase classname="com.moxie.tastcases.MoxieChangeTime" name="selectFirstFlexPay" time="44.257"/>
  <system-out>
Running second test for finding first class with Flex pay option  </system-out>
  <testcase classname="com.moxie.tastcases.MoxieChangeTime" name="selectFirstFlexPay" time="30.462"/>
  <system-out>
Running second test for finding first class with Flex pay option  </system-out>
  <testcase classname="com.moxie.tastcases.MoxieChangeTime" name="loginForBookingPage" time="18.813"/>
  <system-out>
Running third test for successful login  </system-out>
  <testcase classname="com.moxie.tastcases.MoxieChangeTime" name="loginForBookingPage" time="19.456"/>
  <system-out>
Running third test for successful login  </system-out>
  <testcase classname="com.moxie.tastcases.MoxieChangeTime" name="changeTimeZone" time="4.019"/>
  <system-out>
Running fourth test for changing timezone  </system-out>
  <testcase classname="com.moxie.tastcases.MoxieChangeTime" name="changeTimeZone" time="3.799"/>
  <system-out>
Running fourth test for changing timezone  </system-out>
</testsuite> <!-- com.moxie.tastcases.MoxieChangeTime -->
